[2020-09-20 22:00:13] local.ERROR: Debugbar exception: Route [debugbar.openhandler] not defined.  
[2020-09-20 22:01:25] local.ERROR: Class 'Modules\CommonModule\Providers\App' not found {"exception":"[object] (Symfony\\Component\\Debug\\Exception\\FatalThrowableError(code: 0): Class 'Modules\\CommonModule\\Providers\\App' not found at C:\\wamp64\\www\\icetour_onas\\Modules\\CommonModule\\Providers\\CommonModuleServiceProvider.php:66)
[stacktrace]
#0 C:\\wamp64\\www\\icetour_onas\\vendor\\laravel\\framework\\src\\Illuminate\\Foundation\\Application.php(598): Modules\\CommonModule\\Providers\\CommonModuleServiceProvider->register()
#1 C:\\wamp64\\www\\icetour_onas\\vendor\\laravel\\framework\\src\\Illuminate\\Foundation\\ProviderRepository.php(75): Illuminate\\Foundation\\Application->register(Object(Modules\\CommonModule\\Providers\\CommonModuleServiceProvider))
#2 C:\\wamp64\\www\\icetour_onas\\vendor\
widart\\laravel-modules\\src\\Laravel\\Module.php(27): Illuminate\\Foundation\\ProviderRepository->load(Array)
#3 C:\\wamp64\\www\\icetour_onas\\vendor\
widart\\laravel-modules\\src\\Module.php(251): Nwidart\\Modules\\Laravel\\Module->registerProviders()
#4 C:\\wamp64\\www\\icetour_onas\\vendor\
widart\\laravel-modules\\src\\FileRepository.php(299): Nwidart\\Modules\\Module->register()
#5 C:\\wamp64\\www\\icetour_onas\\vendor\
widart\\laravel-modules\\src\\Providers\\BootstrapServiceProvider.php(22): Nwidart\\Modules\\FileRepository->register()
#6 C:\\wamp64\\www\\icetour_onas\\vendor\\laravel\\framework\\src\\Illuminate\\Foundation\\Application.php(598): Nwidart\\Modules\\Providers\\BootstrapServiceProvider->register()
#7 C:\\wamp64\\www\\icetour_onas\\vendor\
widart\\laravel-modules\\src\\ModulesServiceProvider.php(38): Illuminate\\Foundation\\Application->register(Object(Nwidart\\Modules\\Providers\\BootstrapServiceProvider))
#8 C:\\wamp64\\www\\icetour_onas\\vendor\
widart\\laravel-modules\\src\\LaravelModulesServiceProvider.php(15): Nwidart\\Modules\\ModulesServiceProvider->registerModules()
#9 [internal function]: Nwidart\\Modules\\LaravelModulesServiceProvider->boot()
#10 C:\\wamp64\\www\\icetour_onas\\vendor\\laravel\\framework\\src\\Illuminate\\Container\\BoundMethod.php(29): call_user_func_array(Array, Array)
#11 C:\\wamp64\\www\\icetour_onas\\vendor\\laravel\\framework\\src\\Illuminate\\Container\\BoundMethod.php(87): Illuminate\\Container\\BoundMethod::Illuminate\\Container\\{closure}()
#12 C:\\wamp64\\www\\icetour_onas\\vendor\\laravel\\framework\\src\\Illuminate\\Container\\BoundMethod.php(31): Illuminate\\Container\\BoundMethod::callBoundMethod(Object(Illuminate\\Foundation\\Application), Array, Object(Closure))
#13 C:\\wamp64\\www\\icetour_onas\\vendor\\laravel\\framework\\src\\Illuminate\\Container\\Container.php(572): Illuminate\\Container\\BoundMethod::call(Object(Illuminate\\Foundation\\Application), Array, Array, NULL)
#14 C:\\wamp64\\www\\icetour_onas\\vendor\\laravel\\framework\\src\\Illuminate\\Foundation\\Application.php(819): Illuminate\\Container\\Container->call(Array)
#15 C:\\wamp64\\www\\icetour_onas\\vendor\\laravel\\framework\\src\\Illuminate\\Foundation\\Application.php(802): Illuminate\\Foundation\\Application->bootProvider(Object(Nwidart\\Modules\\LaravelModulesServiceProvider))
#16 [internal function]: Illuminate\\Foundation\\Application->Illuminate\\Foundation\\{closure}(Object(Nwidart\\Modules\\LaravelModulesServiceProvider), 26)
#17 C:\\wamp64\\www\\icetour_onas\\vendor\\laravel\\framework\\src\\Illuminate\\Foundation\\Application.php(803): array_walk(Array, Object(Closure))
#18 C:\\wamp64\\www\\icetour_onas\\vendor\\laravel\\framework\\src\\Illuminate\\Foundation\\Bootstrap\\BootProviders.php(17): Illuminate\\Foundation\\Application->boot()
#19 C:\\wamp64\\www\\icetour_onas\\vendor\\laravel\\framework\\src\\Illuminate\\Foundation\\Application.php(211): Illuminate\\Foundation\\Bootstrap\\BootProviders->bootstrap(Object(Illuminate\\Foundation\\Application))
#20 C:\\wamp64\\www\\icetour_onas\\vendor\\laravel\\framework\\src\\Illuminate\\Foundation\\Http\\Kernel.php(162): Illuminate\\Foundation\\Application->bootstrapWith(Array)
#21 C:\\wamp64\\www\\icetour_onas\\vendor\\laravel\\framework\\src\\Illuminate\\Foundation\\Http\\Kernel.php(146): Illuminate\\Foundation\\Http\\Kernel->bootstrap()
#22 C:\\wamp64\\www\\icetour_onas\\vendor\\laravel\\framework\\src\\Illuminate\\Foundation\\Http\\Kernel.php(116): Illuminate\\Foundation\\Http\\Kernel->sendRequestThroughRouter(Object(Illuminate\\Http\\Request))
#23 C:\\wamp64\\www\\icetour_onas\\public\\index.php(109): Illuminate\\Foundation\\Http\\Kernel->handle(Object(Illuminate\\Http\\Request))
#24 C:\\wamp64\\www\\icetour_onas\\server.php(41): require_once('C:\\\\wamp64\\\\www\\\\i...')
#25 {main}
"} 
[2020-09-20 22:01:56] local.ERROR: Class 'Modules\CommonModule\Providers\App' not found {"exception":"[object] (Symfony\\Component\\Debug\\Exception\\FatalThrowableError(code: 0): Class 'Modules\\CommonModule\\Providers\\App' not found at C:\\wamp64\\www\\icetour_onas\\Modules\\CommonModule\\Providers\\CommonModuleServiceProvider.php:66)
[stacktrace]
#0 C:\\wamp64\\www\\icetour_onas\\vendor\\laravel\\framework\\src\\Illuminate\\Foundation\\Application.php(598): Modules\\CommonModule\\Providers\\CommonModuleServiceProvider->register()
#1 C:\\wamp64\\www\\icetour_onas\\vendor\\laravel\\framework\\src\\Illuminate\\Foundation\\ProviderRepository.php(75): Illuminate\\Foundation\\Application->register(Object(Modules\\CommonModule\\Providers\\CommonModuleServiceProvider))
#2 C:\\wamp64\\www\\icetour_onas\\vendor\
widart\\laravel-modules\\src\\Laravel\\Module.php(27): Illuminate\\Foundation\\ProviderRepository->load(Array)
#3 C:\\wamp64\\www\\icetour_onas\\vendor\
widart\\laravel-modules\\src\\Module.php(251): Nwidart\\Modules\\Laravel\\Module->registerProviders()
#4 C:\\wamp64\\www\\icetour_onas\\vendor\
widart\\laravel-modules\\src\\FileRepository.php(299): Nwidart\\Modules\\Module->register()
#5 C:\\wamp64\\www\\icetour_onas\\vendor\
widart\\laravel-modules\\src\\Providers\\BootstrapServiceProvider.php(22): Nwidart\\Modules\\FileRepository->register()
#6 C:\\wamp64\\www\\icetour_onas\\vendor\\laravel\\framework\\src\\Illuminate\\Foundation\\Application.php(598): Nwidart\\Modules\\Providers\\BootstrapServiceProvider->register()
#7 C:\\wamp64\\www\\icetour_onas\\vendor\
widart\\laravel-modules\\src\\ModulesServiceProvider.php(38): Illuminate\\Foundation\\Application->register(Object(Nwidart\\Modules\\Providers\\BootstrapServiceProvider))
#8 C:\\wamp64\\www\\icetour_onas\\vendor\
widart\\laravel-modules\\src\\LaravelModulesServiceProvider.php(15): Nwidart\\Modules\\ModulesServiceProvider->registerModules()
#9 [internal function]: Nwidart\\Modules\\LaravelModulesServiceProvider->boot()
#10 C:\\wamp64\\www\\icetour_onas\\vendor\\laravel\\framework\\src\\Illuminate\\Container\\BoundMethod.php(29): call_user_func_array(Array, Array)
#11 C:\\wamp64\\www\\icetour_onas\\vendor\\laravel\\framework\\src\\Illuminate\\Container\\BoundMethod.php(87): Illuminate\\Container\\BoundMethod::Illuminate\\Container\\{closure}()
#12 C:\\wamp64\\www\\icetour_onas\\vendor\\laravel\\framework\\src\\Illuminate\\Container\\BoundMethod.php(31): Illuminate\\Container\\BoundMethod::callBoundMethod(Object(Illuminate\\Foundation\\Application), Array, Object(Closure))
#13 C:\\wamp64\\www\\icetour_onas\\vendor\\laravel\\framework\\src\\Illuminate\\Container\\Container.php(572): Illuminate\\Container\\BoundMethod::call(Object(Illuminate\\Foundation\\Application), Array, Array, NULL)
#14 C:\\wamp64\\www\\icetour_onas\\vendor\\laravel\\framework\\src\\Illuminate\\Foundation\\Application.php(819): Illuminate\\Container\\Container->call(Array)
#15 C:\\wamp64\\www\\icetour_onas\\vendor\\laravel\\framework\\src\\Illuminate\\Foundation\\Application.php(802): Illuminate\\Foundation\\Application->bootProvider(Object(Nwidart\\Modules\\LaravelModulesServiceProvider))
#16 [internal function]: Illuminate\\Foundation\\Application->Illuminate\\Foundation\\{closure}(Object(Nwidart\\Modules\\LaravelModulesServiceProvider), 26)
#17 C:\\wamp64\\www\\icetour_onas\\vendor\\laravel\\framework\\src\\Illuminate\\Foundation\\Application.php(803): array_walk(Array, Object(Closure))
#18 C:\\wamp64\\www\\icetour_onas\\vendor\\laravel\\framework\\src\\Illuminate\\Foundation\\Bootstrap\\BootProviders.php(17): Illuminate\\Foundation\\Application->boot()
#19 C:\\wamp64\\www\\icetour_onas\\vendor\\laravel\\framework\\src\\Illuminate\\Foundation\\Application.php(211): Illuminate\\Foundation\\Bootstrap\\BootProviders->bootstrap(Object(Illuminate\\Foundation\\Application))
#20 C:\\wamp64\\www\\icetour_onas\\vendor\\laravel\\framework\\src\\Illuminate\\Foundation\\Http\\Kernel.php(162): Illuminate\\Foundation\\Application->bootstrapWith(Array)
#21 C:\\wamp64\\www\\icetour_onas\\vendor\\laravel\\framework\\src\\Illuminate\\Foundation\\Http\\Kernel.php(146): Illuminate\\Foundation\\Http\\Kernel->bootstrap()
#22 C:\\wamp64\\www\\icetour_onas\\vendor\\laravel\\framework\\src\\Illuminate\\Foundation\\Http\\Kernel.php(116): Illuminate\\Foundation\\Http\\Kernel->sendRequestThroughRouter(Object(Illuminate\\Http\\Request))
#23 C:\\wamp64\\www\\icetour_onas\\public\\index.php(109): Illuminate\\Foundation\\Http\\Kernel->handle(Object(Illuminate\\Http\\Request))
#24 C:\\wamp64\\www\\icetour_onas\\server.php(41): require_once('C:\\\\wamp64\\\\www\\\\i...')
#25 {main}
"} 
[2020-09-20 22:02:14] local.ERROR: Debugbar exception: Route [debugbar.openhandler] not defined.  
[2020-09-20 22:02:52] local.ERROR: Class 'Modules\CommonModule\Providers\App' not found {"exception":"[object] (Symfony\\Component\\Debug\\Exception\\FatalThrowableError(code: 0): Class 'Modules\\CommonModule\\Providers\\App' not found at C:\\wamp64\\www\\icetour_onas\\Modules\\CommonModule\\Providers\\CommonModuleServiceProvider.php:66)
[stacktrace]
#0 C:\\wamp64\\www\\icetour_onas\\vendor\\laravel\\framework\\src\\Illuminate\\Foundation\\Application.php(598): Modules\\CommonModule\\Providers\\CommonModuleServiceProvider->register()
#1 C:\\wamp64\\www\\icetour_onas\\vendor\\laravel\\framework\\src\\Illuminate\\Foundation\\ProviderRepository.php(75): Illuminate\\Foundation\\Application->register(Object(Modules\\CommonModule\\Providers\\CommonModuleServiceProvider))
#2 C:\\wamp64\\www\\icetour_onas\\vendor\
widart\\laravel-modules\\src\\Laravel\\Module.php(27): Illuminate\\Foundation\\ProviderRepository->load(Array)
#3 C:\\wamp64\\www\\icetour_onas\\vendor\
widart\\laravel-modules\\src\\Module.php(251): Nwidart\\Modules\\Laravel\\Module->registerProviders()
#4 C:\\wamp64\\www\\icetour_onas\\vendor\
widart\\laravel-modules\\src\\FileRepository.php(299): Nwidart\\Modules\\Module->register()
#5 C:\\wamp64\\www\\icetour_onas\\vendor\
widart\\laravel-modules\\src\\Providers\\BootstrapServiceProvider.php(22): Nwidart\\Modules\\FileRepository->register()
#6 C:\\wamp64\\www\\icetour_onas\\vendor\\laravel\\framework\\src\\Illuminate\\Foundation\\Application.php(598): Nwidart\\Modules\\Providers\\BootstrapServiceProvider->register()
#7 C:\\wamp64\\www\\icetour_onas\\vendor\
widart\\laravel-modules\\src\\ModulesServiceProvider.php(38): Illuminate\\Foundation\\Application->register(Object(Nwidart\\Modules\\Providers\\BootstrapServiceProvider))
#8 C:\\wamp64\\www\\icetour_onas\\vendor\
widart\\laravel-modules\\src\\LaravelModulesServiceProvider.php(15): Nwidart\\Modules\\ModulesServiceProvider->registerModules()
#9 [internal function]: Nwidart\\Modules\\LaravelModulesServiceProvider->boot()
#10 C:\\wamp64\\www\\icetour_onas\\vendor\\laravel\\framework\\src\\Illuminate\\Container\\BoundMethod.php(29): call_user_func_array(Array, Array)
#11 C:\\wamp64\\www\\icetour_onas\\vendor\\laravel\\framework\\src\\Illuminate\\Container\\BoundMethod.php(87): Illuminate\\Container\\BoundMethod::Illuminate\\Container\\{closure}()
#12 C:\\wamp64\\www\\icetour_onas\\vendor\\laravel\\framework\\src\\Illuminate\\Container\\BoundMethod.php(31): Illuminate\\Container\\BoundMethod::callBoundMethod(Object(Illuminate\\Foundation\\Application), Array, Object(Closure))
#13 C:\\wamp64\\www\\icetour_onas\\vendor\\laravel\\framework\\src\\Illuminate\\Container\\Container.php(572): Illuminate\\Container\\BoundMethod::call(Object(Illuminate\\Foundation\\Application), Array, Array, NULL)
#14 C:\\wamp64\\www\\icetour_onas\\vendor\\laravel\\framework\\src\\Illuminate\\Foundation\\Application.php(819): Illuminate\\Container\\Container->call(Array)
#15 C:\\wamp64\\www\\icetour_onas\\vendor\\laravel\\framework\\src\\Illuminate\\Foundation\\Application.php(802): Illuminate\\Foundation\\Application->bootProvider(Object(Nwidart\\Modules\\LaravelModulesServiceProvider))
#16 [internal function]: Illuminate\\Foundation\\Application->Illuminate\\Foundation\\{closure}(Object(Nwidart\\Modules\\LaravelModulesServiceProvider), 26)
#17 C:\\wamp64\\www\\icetour_onas\\vendor\\laravel\\framework\\src\\Illuminate\\Foundation\\Application.php(803): array_walk(Array, Object(Closure))
#18 C:\\wamp64\\www\\icetour_onas\\vendor\\laravel\\framework\\src\\Illuminate\\Foundation\\Bootstrap\\BootProviders.php(17): Illuminate\\Foundation\\Application->boot()
#19 C:\\wamp64\\www\\icetour_onas\\vendor\\laravel\\framework\\src\\Illuminate\\Foundation\\Application.php(211): Illuminate\\Foundation\\Bootstrap\\BootProviders->bootstrap(Object(Illuminate\\Foundation\\Application))
#20 C:\\wamp64\\www\\icetour_onas\\vendor\\laravel\\framework\\src\\Illuminate\\Foundation\\Http\\Kernel.php(162): Illuminate\\Foundation\\Application->bootstrapWith(Array)
#21 C:\\wamp64\\www\\icetour_onas\\vendor\\laravel\\framework\\src\\Illuminate\\Foundation\\Http\\Kernel.php(146): Illuminate\\Foundation\\Http\\Kernel->bootstrap()
#22 C:\\wamp64\\www\\icetour_onas\\vendor\\laravel\\framework\\src\\Illuminate\\Foundation\\Http\\Kernel.php(116): Illuminate\\Foundation\\Http\\Kernel->sendRequestThroughRouter(Object(Illuminate\\Http\\Request))
#23 C:\\wamp64\\www\\icetour_onas\\public\\index.php(109): Illuminate\\Foundation\\Http\\Kernel->handle(Object(Illuminate\\Http\\Request))
#24 C:\\wamp64\\www\\icetour_onas\\server.php(41): require_once('C:\\\\wamp64\\\\www\\\\i...')
#25 {main}
"} 
[2020-09-20 22:03:54] local.ERROR: Debugbar exception: Route [debugbar.openhandler] not defined.  
[2020-09-20 22:05:04] local.ERROR: Debugbar exception: Route [debugbar.openhandler] not defined.  
[2020-09-20 22:05:25] local.ERROR: Debugbar exception: Route [debugbar.openhandler] not defined.  
[2020-09-20 22:05:43] local.ERROR: Debugbar exception: Route [debugbar.openhandler] not defined.  
[2020-09-20 22:06:06] local.ERROR: Debugbar exception: Route [debugbar.openhandler] not defined.  
[2020-09-20 22:06:25] local.ERROR: Debugbar exception: Route [debugbar.openhandler] not defined.  
[2020-09-20 22:06:37] local.ERROR: Debugbar exception: Route [debugbar.openhandler] not defined.  
[2020-09-20 22:06:43] local.ERROR: Debugbar exception: Route [debugbar.openhandler] not defined.  
[2020-09-20 22:06:47] local.ERROR: Debugbar exception: Route [debugbar.openhandler] not defined.  
[2020-09-20 22:06:49] local.ERROR: Debugbar exception: Route [debugbar.openhandler] not defined.  
[2020-09-20 22:06:54] local.ERROR: Debugbar exception: Route [debugbar.openhandler] not defined.  
[2020-09-20 22:07:09] local.ERROR: Debugbar exception: Route [debugbar.openhandler] not defined.  
[2020-09-20 22:07:12] local.ERROR: Debugbar exception: Route [debugbar.openhandler] not defined.  
[2020-09-20 22:09:38] local.ERROR: Debugbar exception: Route [debugbar.openhandler] not defined.  
[2020-09-20 22:10:25] local.ERROR: Debugbar exception: Route [debugbar.openhandler] not defined.  
[2020-09-20 22:10:28] local.ERROR: Debugbar exception: Route [debugbar.openhandler] not defined.  
[2020-09-20 22:10:29] local.ERROR: Debugbar exception: Route [debugbar.openhandler] not defined.  
[2020-09-20 22:11:46] local.ERROR: Undefined index: instagram (View: C:\wamp64\www\icetour_onas\Modules\FrontModule\Resources\views\includes\header.blade.php) (View: C:\wamp64\www\icetour_onas\Modules\FrontModule\Resources\views\includes\header.blade.php) (View: C:\wamp64\www\icetour_onas\Modules\FrontModule\Resources\views\includes\header.blade.php) {"exception":"[object] (ErrorException(code: 0): Undefined index: instagram (View: C:\\wamp64\\www\\icetour_onas\\Modules\\FrontModule\\Resources\\views\\includes\\header.blade.php) (View: C:\\wamp64\\www\\icetour_onas\\Modules\\FrontModule\\Resources\\views\\includes\\header.blade.php) (View: C:\\wamp64\\www\\icetour_onas\\Modules\\FrontModule\\Resources\\views\\includes\\header.blade.php) at C:\\wamp64\\www\\icetour_onas\\storage\\framework\\views\\a51e4557d2bd49226c6e847860c122e0c894fe6f.php:23, ErrorException(code: 0): Undefined index: instagram (View: C:\\wamp64\\www\\icetour_onas\\Modules\\FrontModule\\Resources\\views\\includes\\header.blade.php) (View: C:\\wamp64\\www\\icetour_onas\\Modules\\FrontModule\\Resources\\views\\includes\\header.blade.php) at C:\\wamp64\\www\\icetour_onas\\storage\\framework\\views\\a51e4557d2bd49226c6e847860c122e0c894fe6f.php:23, ErrorException(code: 0): Undefined index: instagram (View: C:\\wamp64\\www\\icetour_onas\\Modules\\FrontModule\\Resources\\views\\includes\\header.blade.php) at C:\\wamp64\\www\\icetour_onas\\storage\\framework\\views\\a51e4557d2bd49226c6e847860c122e0c894fe6f.php:23, ErrorException(code: 0): Undefined index: instagram at C:\\wamp64\\www\\icetour_onas\\storage\\framework\\views\\a51e4557d2bd49226c6e847860c122e0c894fe6f.php:23)
[stacktrace]
#0 C:\\wamp64\\www\\icetour_onas\\vendor\\laravel\\framework\\src\\Illuminate\\View\\Engines\\PhpEngine.php(45): Illuminate\\View\\Engines\\CompilerEngine->handleViewException(Object(ErrorException), 1)
#1 C:\\wamp64\\www\\icetour_onas\\vendor\\laravel\\framework\\src\\Illuminate\\View\\Engines\\CompilerEngine.php(59): Illuminate\\View\\Engines\\PhpEngine->evaluatePath('C:\\\\wamp64\\\\www\\\\i...', Array)
#2 C:\\wamp64\\www\\icetour_onas\\vendor\\laravel\\framework\\src\\Illuminate\\View\\View.php(142): Illuminate\\View\\Engines\\CompilerEngine->get('C:\\\\wamp64\\\\www\\\\i...', Array)
#3 C:\\wamp64\\www\\icetour_onas\\vendor\\laravel\\framework\\src\\Illuminate\\View\\View.php(125): Illuminate\\View\\View->getContents()
#4 C:\\wamp64\\www\\icetour_onas\\vendor\\laravel\\framework\\src\\Illuminate\\View\\View.php(90): Illuminate\\View\\View->renderContents()
#5 C:\\wamp64\\www\\icetour_onas\\vendor\\laravel\\framework\\src\\Illuminate\\Http\\Response.php(42): Illuminate\\View\\View->render()
#6 C:\\wamp64\\www\\icetour_onas\\vendor\\symfony\\http-foundation\\Response.php(205): Illuminate\\Http\\Response->setContent(Object(Illuminate\\View\\View))
#7 C:\\wamp64\\www\\icetour_onas\\vendor\\laravel\\framework\\src\\Illuminate\\Routing\\Router.php(750): Symfony\\Component\\HttpFoundation\\Response->__construct(Object(Illuminate\\View\\View))
#8 C:\\wamp64\\www\\icetour_onas\\vendor\\laravel\\framework\\src\\Illuminate\\Routing\\Router.php(722): Illuminate\\Routing\\Router::toResponse(Object(Illuminate\\Http\\Request), Object(Illuminate\\View\\View))
#9 C:\\wamp64\\www\\icetour_onas\\vendor\\laravel\\framework\\src\\Illuminate\\Routing\\Router.php(682): Illuminate\\Routing\\Router->prepareResponse(Object(Illuminate\\Http\\Request), Object(Illuminate\\View\\View))
#10 C:\\wamp64\\www\\icetour_onas\\vendor\\laravel\\framework\\src\\Illuminate\\Routing\\Pipeline.php(30): Illuminate\\Routing\\Router->Illuminate\\Routing\\{closure}(Object(Illuminate\\Http\\Request))
#11 C:\\wamp64\\www\\icetour_onas\\vendor\\laravel\\framework\\src\\Illuminate\\Routing\\Middleware\\SubstituteBindings.php(41): Illuminate\\Routing\\Pipeline->Illuminate\\Routing\\{closure}(Object(Illuminate\\Http\\Request))
#12 C:\\wamp64\\www\\icetour_onas\\vendor\\laravel\\framework\\src\\Illuminate\\Pipeline\\Pipeline.php(163): Illuminate\\Routing\\Middleware\\SubstituteBindings->handle(Object(Illuminate\\Http\\Request), Object(Closure))
#13 C:\\wamp64\\www\\icetour_onas\\vendor\\laravel\\framework\\src\\Illuminate\\Routing\\Pipeline.php(53): Illuminate\\Pipeline\\Pipeline->Illuminate\\Pipeline\\{closure}(Object(Illuminate\\Http\\Request))
#14 C:\\wamp64\\www\\icetour_onas\\vendor\\laravel\\framework\\src\\Illuminate\\Foundation\\Http\\Middleware\\VerifyCsrfToken.php(75): Illuminate\\Routing\\Pipeline->Illuminate\\Routing\\{closure}(Object(Illuminate\\Http\\Request))
#15 C:\\wamp64\\www\\icetour_onas\\vendor\\laravel\\framework\\src\\Illuminate\\Pipeline\\Pipeline.php(163): Illuminate\\Foundation\\Http\\Middleware\\VerifyCsrfToken->handle(Object(Illuminate\\Http\\Request), Object(Closure))
#16 C:\\wamp64\\www\\icetour_onas\\vendor\\laravel\\framework\\src\\Illuminate\\Routing\\Pipeline.php(53): Illuminate\\Pipeline\\Pipeline->Illuminate\\Pipeline\\{closure}(Object(Illuminate\\Http\\Request))
#17 C:\\wamp64\\www\\icetour_onas\\vendor\\laravel\\framework\\src\\Illuminate\\View\\Middleware\\ShareErrorsFromSession.php(49): Illuminate\\Routing\\Pipeline->Illuminate\\Routing\\{closure}(Object(Illuminate\\Http\\Request))
#18 C:\\wamp64\\www\\icetour_onas\\vendor\\laravel\\framework\\src\\Illuminate\\Pipeline\\Pipeline.php(163): Illuminate\\View\\Middleware\\ShareErrorsFromSession->handle(Object(Illuminate\\Http\\Request), Object(Closure))
#19 C:\\wamp64\\www\\icetour_onas\\vendor\\laravel\\framework\\src\\Illuminate\\Routing\\Pipeline.php(53): Illuminate\\Pipeline\\Pipeline->Illuminate\\Pipeline\\{closure}(Object(Illuminate\\Http\\Request))
#20 C:\\wamp64\\www\\icetour_onas\\Modules\\CommonModule\\Http\\Middleware\\Language.php(24): Illuminate\\Routing\\Pipeline->Illuminate\\Routing\\{closure}(Object(Illuminate\\Http\\Request))
#21 C:\\wamp64\\www\\icetour_onas\\vendor\\laravel\\framework\\src\\Illuminate\\Pipeline\\Pipeline.php(163): Modules\\CommonModule\\Http\\Middleware\\Language->handle(Object(Illuminate\\Http\\Request), Object(Closure))
#22 C:\\wamp64\\www\\icetour_onas\\vendor\\laravel\\framework\\src\\Illuminate\\Routing\\Pipeline.php(53): Illuminate\\Pipeline\\Pipeline->Illuminate\\Pipeline\\{closure}(Object(Illuminate\\Http\\Request))
#23 C:\\wamp64\\www\\icetour_onas\\vendor\\laravel\\framework\\src\\Illuminate\\Session\\Middleware\\StartSession.php(63): Illuminate\\Routing\\Pipeline->Illuminate\\Routing\\{closure}(Object(Illuminate\\Http\\Request))
#24 C:\\wamp64\\www\\icetour_onas\\vendor\\laravel\\framework\\src\\Illuminate\\Pipeline\\Pipeline.php(163): Illuminate\\Session\\Middleware\\StartSession->handle(Object(Illuminate\\Http\\Request), Object(Closure))
#25 C:\\wamp64\\www\\icetour_onas\\vendor\\laravel\\framework\\src\\Illuminate\\Routing\\Pipeline.php(53): Illuminate\\Pipeline\\Pipeline->Illuminate\\Pipeline\\{closure}(Object(Illuminate\\Http\\Request))
#26 C:\\wamp64\\www\\icetour_onas\\vendor\\laravel\\framework\\src\\Illuminate\\Cookie\\Middleware\\AddQueuedCookiesToResponse.php(37): Illuminate\\Routing\\Pipeline->Illuminate\\Routing\\{closure}(Object(Illuminate\\Http\\Request))
#27 C:\\wamp64\\www\\icetour_onas\\vendor\\laravel\\framework\\src\\Illuminate\\Pipeline\\Pipeline.php(163): Illuminate\\Cookie\\Middleware\\AddQueuedCookiesToResponse->handle(Object(Illuminate\\Http\\Request), Object(Closure))
#28 C:\\wamp64\\www\\icetour_onas\\vendor\\laravel\\framework\\src\\Illuminate\\Routing\\Pipeline.php(53): Illuminate\\Pipeline\\Pipeline->Illuminate\\Pipeline\\{closure}(Object(Illuminate\\Http\\Request))
#29 C:\\wamp64\\www\\icetour_onas\\vendor\\laravel\\framework\\src\\Illuminate\\Cookie\\Middleware\\EncryptCookies.php(66): Illuminate\\Routing\\Pipeline->Illuminate\\Routing\\{closure}(Object(Illuminate\\Http\\Request))
#30 C:\\wamp64\\www\\icetour_onas\\vendor\\laravel\\framework\\src\\Illuminate\\Pipeline\\Pipeline.php(163): Illuminate\\Cookie\\Middleware\\EncryptCookies->handle(Object(Illuminate\\Http\\Request), Object(Closure))
#31 C:\\wamp64\\www\\icetour_onas\\vendor\\laravel\\framework\\src\\Illuminate\\Routing\\Pipeline.php(53): Illuminate\\Pipeline\\Pipeline->Illuminate\\Pipeline\\{closure}(Object(Illuminate\\Http\\Request))
#32 C:\\wamp64\\www\\icetour_onas\\vendor\\laravel\\framework\\src\\Illuminate\\Pipeline\\Pipeline.php(104): Illuminate\\Routing\\Pipeline->Illuminate\\Routing\\{closure}(Object(Illuminate\\Http\\Request))
#33 C:\\wamp64\\www\\icetour_onas\\vendor\\laravel\\framework\\src\\Illuminate\\Routing\\Router.php(684): Illuminate\\Pipeline\\Pipeline->then(Object(Closure))
#34 C:\\wamp64\\www\\icetour_onas\\vendor\\laravel\\framework\\src\\Illuminate\\Routing\\Router.php(659): Illuminate\\Routing\\Router->runRouteWithinStack(Object(Illuminate\\Routing\\Route), Object(Illuminate\\Http\\Request))
#35 C:\\wamp64\\www\\icetour_onas\\vendor\\laravel\\framework\\src\\Illuminate\\Routing\\Router.php(625): Illuminate\\Routing\\Router->runRoute(Object(Illuminate\\Http\\Request), Object(Illuminate\\Routing\\Route))
#36 C:\\wamp64\\www\\icetour_onas\\vendor\\laravel\\framework\\src\\Illuminate\\Routing\\Router.php(614): Illuminate\\Routing\\Router->dispatchToRoute(Object(Illuminate\\Http\\Request))
#37 C:\\wamp64\\www\\icetour_onas\\vendor\\laravel\\framework\\src\\Illuminate\\Foundation\\Http\\Kernel.php(176): Illuminate\\Routing\\Router->dispatch(Object(Illuminate\\Http\\Request))
#38 C:\\wamp64\\www\\icetour_onas\\vendor\\laravel\\framework\\src\\Illuminate\\Routing\\Pipeline.php(30): Illuminate\\Foundation\\Http\\Kernel->Illuminate\\Foundation\\Http\\{closure}(Object(Illuminate\\Http\\Request))
#39 C:\\wamp64\\www\\icetour_onas\\vendor\\barryvdh\\laravel-debugbar\\src\\Middleware\\InjectDebugbar.php(65): Illuminate\\Routing\\Pipeline->Illuminate\\Routing\\{closure}(Object(Illuminate\\Http\\Request))
#40 C:\\wamp64\\www\\icetour_onas\\vendor\\laravel\\framework\\src\\Illuminate\\Pipeline\\Pipeline.php(163): Barryvdh\\Debugbar\\Middleware\\InjectDebugbar->handle(Object(Illuminate\\Http\\Request), Object(Closure))
#41 C:\\wamp64\\www\\icetour_onas\\vendor\\laravel\\framework\\src\\Illuminate\\Routing\\Pipeline.php(53): Illuminate\\Pipeline\\Pipeline->Illuminate\\Pipeline\\{closure}(Object(Illuminate\\Http\\Request))
#42 C:\\wamp64\\www\\icetour_onas\\vendor\\fideloper\\proxy\\src\\TrustProxies.php(57): Illuminate\\Routing\\Pipeline->Illuminate\\Routing\\{closure}(Object(Illuminate\\Http\\Request))
#43 C:\\wamp64\\www\\icetour_onas\\vendor\\laravel\\framework\\src\\Illuminate\\Pipeline\\Pipeline.php(163): Fideloper\\Proxy\\TrustProxies->handle(Object(Illuminate\\Http\\Request), Object(Closure))
#44 C:\\wamp64\\www\\icetour_onas\\vendor\\laravel\\framework\\src\\Illuminate\\Routing\\Pipeline.php(53): Illuminate\\Pipeline\\Pipeline->Illuminate\\Pipeline\\{closure}(Object(Illuminate\\Http\\Request))
#45 C:\\wamp64\\www\\icetour_onas\\vendor\\laravel\\framework\\src\\Illuminate\\Foundation\\Http\\Middleware\\TransformsRequest.php(31): Illuminate\\Routing\\Pipeline->Illuminate\\Routing\\{closure}(Object(Illuminate\\Http\\Request))
#46 C:\\wamp64\\www\\icetour_onas\\vendor\\laravel\\framework\\src\\Illuminate\\Pipeline\\Pipeline.php(163): Illuminate\\Foundation\\Http\\Middleware\\TransformsRequest->handle(Object(Illuminate\\Http\\Request), Object(Closure))
#47 C:\\wamp64\\www\\icetour_onas\\vendor\\laravel\\framework\\src\\Illuminate\\Routing\\Pipeline.php(53): Illuminate\\Pipeline\\Pipeline->Illuminate\\Pipeline\\{closure}(Object(Illuminate\\Http\\Request))
#48 C:\\wamp64\\www\\icetour_onas\\vendor\\laravel\\framework\\src\\Illuminate\\Foundation\\Http\\Middleware\\TransformsRequest.php(31): Illuminate\\Routing\\Pipeline->Illuminate\\Routing\\{closure}(Object(Illuminate\\Http\\Request))
#49 C:\\wamp64\\www\\icetour_onas\\vendor\\laravel\\framework\\src\\Illuminate\\Pipeline\\Pipeline.php(163): Illuminate\\Foundation\\Http\\Middleware\\TransformsRequest->handle(Object(Illuminate\\Http\\Request), Object(Closure))
#50 C:\\wamp64\\www\\icetour_onas\\vendor\\laravel\\framework\\src\\Illuminate\\Routing\\Pipeline.php(53): Illuminate\\Pipeline\\Pipeline->Illuminate\\Pipeline\\{closure}(Object(Illuminate\\Http\\Request))
#51 C:\\wamp64\\www\\icetour_onas\\vendor\\laravel\\framework\\src\\Illuminate\\Foundation\\Http\\Middleware\\ValidatePostSize.php(27): Illuminate\\Routing\\Pipeline->Illuminate\\Routing\\{closure}(Object(Illuminate\\Http\\Request))
#52 C:\\wamp64\\www\\icetour_onas\\vendor\\laravel\\framework\\src\\Illuminate\\Pipeline\\Pipeline.php(163): Illuminate\\Foundation\\Http\\Middleware\\ValidatePostSize->handle(Object(Illuminate\\Http\\Request), Object(Closure))
#53 C:\\wamp64\\www\\icetour_onas\\vendor\\laravel\\framework\\src\\Illuminate\\Routing\\Pipeline.php(53): Illuminate\\Pipeline\\Pipeline->Illuminate\\Pipeline\\{closure}(Object(Illuminate\\Http\\Request))
#54 C:\\wamp64\\www\\icetour_onas\\vendor\\laravel\\framework\\src\\Illuminate\\Foundation\\Http\\Middleware\\CheckForMaintenanceMode.php(62): Illuminate\\Routing\\Pipeline->Illuminate\\Routing\\{closure}(Object(Illuminate\\Http\\Request))
#55 C:\\wamp64\\www\\icetour_onas\\vendor\\laravel\\framework\\src\\Illuminate\\Pipeline\\Pipeline.php(163): Illuminate\\Foundation\\Http\\Middleware\\CheckForMaintenanceMode->handle(Object(Illuminate\\Http\\Request), Object(Closure))
#56 C:\\wamp64\\www\\icetour_onas\\vendor\\laravel\\framework\\src\\Illuminate\\Routing\\Pipeline.php(53): Illuminate\\Pipeline\\Pipeline->Illuminate\\Pipeline\\{closure}(Object(Illuminate\\Http\\Request))
#57 C:\\wamp64\\www\\icetour_onas\\vendor\\laravel\\framework\\src\\Illuminate\\Pipeline\\Pipeline.php(104): Illuminate\\Routing\\Pipeline->Illuminate\\Routing\\{closure}(Object(Illuminate\\Http\\Request))
#58 C:\\wamp64\\www\\icetour_onas\\vendor\\laravel\\framework\\src\\Illuminate\\Foundation\\Http\\Kernel.php(151): Illuminate\\Pipeline\\Pipeline->then(Object(Closure))
#59 C:\\wamp64\\www\\icetour_onas\\vendor\\laravel\\framework\\src\\Illuminate\\Foundation\\Http\\Kernel.php(116): Illuminate\\Foundation\\Http\\Kernel->sendRequestThroughRouter(Object(Illuminate\\Http\\Request))
#60 C:\\wamp64\\www\\icetour_onas\\public\\index.php(109): Illuminate\\Foundation\\Http\\Kernel->handle(Object(Illuminate\\Http\\Request))
#61 C:\\wamp64\\www\\icetour_onas\\server.php(41): require_once('C:\\\\wamp64\\\\www\\\\i...')
#62 {main}
"} 
[2020-09-20 22:11:46] local.ERROR: Debugbar exception: Route [debugbar.openhandler] not defined.  
[2020-09-20 22:12:01] local.ERROR: Debugbar exception: Route [debugbar.openhandler] not defined.  
[2020-09-20 22:12:03] local.ERROR: Debugbar exception: Route [debugbar.openhandler] not defined.  
[2020-09-20 22:12:04] local.ERROR: Debugbar exception: Route [debugbar.openhandler] not defined.  
[2020-09-20 22:12:09] local.ERROR: Debugbar exception: Route [debugbar.openhandler] not defined.  
[2020-09-20 22:12:09] local.ERROR: Debugbar exception: Route [debugbar.openhandler] not defined.  
[2020-09-20 22:12:39] local.ERROR: Debugbar exception: Route [debugbar.openhandler] not defined.  
[2020-09-20 22:15:23] local.ERROR: Debugbar exception: Route [debugbar.openhandler] not defined.  
[2020-09-20 22:15:45] local.ERROR: Debugbar exception: Route [debugbar.openhandler] not defined.  
[2020-09-20 22:16:03] local.ERROR: Debugbar exception: Route [debugbar.openhandler] not defined.  
[2020-09-20 22:16:19] local.ERROR: Debugbar exception: Route [debugbar.openhandler] not defined.  
[2020-09-20 22:16:23] local.ERROR: Debugbar exception: Route [debugbar.openhandler] not defined.  
[2020-09-20 22:16:23] local.ERROR: Debugbar exception: Route [debugbar.openhandler] not defined.  
[2020-09-20 22:16:32] local.ERROR: Debugbar exception: Route [debugbar.openhandler] not defined.  
[2020-09-20 22:16:49] local.ERROR: Debugbar exception: Route [debugbar.openhandler] not defined.  
[2020-09-20 22:17:06] local.ERROR: Debugbar exception: Route [debugbar.openhandler] not defined.  
[2020-09-20 22:17:36] local.ERROR: Debugbar exception: Route [debugbar.openhandler] not defined.  
[2020-09-20 22:17:45] local.ERROR: Debugbar exception: Route [debugbar.openhandler] not defined.  
[2020-09-20 22:17:54] local.ERROR: Debugbar exception: Route [debugbar.openhandler] not defined.  
[2020-09-20 22:18:07] local.ERROR: Debugbar exception: Route [debugbar.openhandler] not defined.  
[2020-09-20 22:18:26] local.ERROR: Debugbar exception: Route [debugbar.openhandler] not defined.  
[2020-09-20 22:18:33] local.ERROR: Debugbar exception: Route [debugbar.openhandler] not defined.  
[2020-09-20 22:18:40] local.ERROR: Debugbar exception: Route [debugbar.openhandler] not defined.  
[2020-09-20 22:18:43] local.ERROR: Debugbar exception: Route [debugbar.openhandler] not defined.  
[2020-09-20 22:19:22] local.ERROR: Debugbar exception: Route [debugbar.openhandler] not defined.  
[2020-09-20 22:19:24] local.ERROR: Debugbar exception: Route [debugbar.openhandler] not defined.  
[2020-09-20 22:19:27] local.ERROR: Debugbar exception: Route [debugbar.openhandler] not defined.  
[2020-09-20 22:19:39] local.ERROR: Debugbar exception: Route [debugbar.openhandler] not defined.  
[2020-09-20 22:19:57] local.ERROR: Debugbar exception: Route [debugbar.openhandler] not defined.  
[2020-09-20 22:19:59] local.ERROR: Debugbar exception: Route [debugbar.openhandler] not defined.  
[2020-09-20 22:20:02] local.ERROR: Debugbar exception: Route [debugbar.openhandler] not defined.  
[2020-09-20 22:20:14] local.ERROR: Debugbar exception: Route [debugbar.openhandler] not defined.  
[2020-09-20 22:20:41] local.ERROR: Debugbar exception: Route [debugbar.openhandler] not defined.  
[2020-09-20 22:20:51] local.ERROR: Debugbar exception: Route [debugbar.openhandler] not defined.  
[2020-09-20 22:22:03] local.ERROR: Undefined variable: tirp (View: C:\wamp64\www\icetour_onas\Modules\FrontModule\Resources\views\pages\tour_item.blade.php) {"exception":"[object] (ErrorException(code: 0): Undefined variable: tirp (View: C:\\wamp64\\www\\icetour_onas\\Modules\\FrontModule\\Resources\\views\\pages\\tour_item.blade.php) at C:\\wamp64\\www\\icetour_onas\\storage\\framework\\views\\2f1416cff7a4006ccef13d40c30fb695016080ad.php:183, ErrorException(code: 0): Undefined variable: tirp at C:\\wamp64\\www\\icetour_onas\\storage\\framework\\views\\2f1416cff7a4006ccef13d40c30fb695016080ad.php:183)
[stacktrace]
#0 C:\\wamp64\\www\\icetour_onas\\vendor\\laravel\\framework\\src\\Illuminate\\View\\Engines\\PhpEngine.php(45): Illuminate\\View\\Engines\\CompilerEngine->handleViewException(Object(ErrorException), 1)
#1 C:\\wamp64\\www\\icetour_onas\\vendor\\laravel\\framework\\src\\Illuminate\\View\\Engines\\CompilerEngine.php(59): Illuminate\\View\\Engines\\PhpEngine->evaluatePath('C:\\\\wamp64\\\\www\\\\i...', Array)
#2 C:\\wamp64\\www\\icetour_onas\\vendor\\laravel\\framework\\src\\Illuminate\\View\\View.php(142): Illuminate\\View\\Engines\\CompilerEngine->get('C:\\\\wamp64\\\\www\\\\i...', Array)
#3 C:\\wamp64\\www\\icetour_onas\\vendor\\laravel\\framework\\src\\Illuminate\\View\\View.php(125): Illuminate\\View\\View->getContents()
#4 C:\\wamp64\\www\\icetour_onas\\vendor\\laravel\\framework\\src\\Illuminate\\View\\View.php(90): Illuminate\\View\\View->renderContents()
#5 C:\\wamp64\\www\\icetour_onas\\vendor\\laravel\\framework\\src\\Illuminate\\Http\\Response.php(42): Illuminate\\View\\View->render()
#6 C:\\wamp64\\www\\icetour_onas\\vendor\\symfony\\http-foundation\\Response.php(205): Illuminate\\Http\\Response->setContent(Object(Illuminate\\View\\View))
#7 C:\\wamp64\\www\\icetour_onas\\vendor\\laravel\\framework\\src\\Illuminate\\Routing\\Router.php(750): Symfony\\Component\\HttpFoundation\\Response->__construct(Object(Illuminate\\View\\View))
#8 C:\\wamp64\\www\\icetour_onas\\vendor\\laravel\\framework\\src\\Illuminate\\Routing\\Router.php(722): Illuminate\\Routing\\Router::toResponse(Object(Illuminate\\Http\\Request), Object(Illuminate\\View\\View))
#9 C:\\wamp64\\www\\icetour_onas\\vendor\\laravel\\framework\\src\\Illuminate\\Routing\\Router.php(682): Illuminate\\Routing\\Router->prepareResponse(Object(Illuminate\\Http\\Request), Object(Illuminate\\View\\View))
#10 C:\\wamp64\\www\\icetour_onas\\vendor\\laravel\\framework\\src\\Illuminate\\Routing\\Pipeline.php(30): Illuminate\\Routing\\Router->Illuminate\\Routing\\{closure}(Object(Illuminate\\Http\\Request))
#11 C:\\wamp64\\www\\icetour_onas\\vendor\\laravel\\framework\\src\\Illuminate\\Routing\\Middleware\\SubstituteBindings.php(41): Illuminate\\Routing\\Pipeline->Illuminate\\Routing\\{closure}(Object(Illuminate\\Http\\Request))
#12 C:\\wamp64\\www\\icetour_onas\\vendor\\laravel\\framework\\src\\Illuminate\\Pipeline\\Pipeline.php(163): Illuminate\\Routing\\Middleware\\SubstituteBindings->handle(Object(Illuminate\\Http\\Request), Object(Closure))
#13 C:\\wamp64\\www\\icetour_onas\\vendor\\laravel\\framework\\src\\Illuminate\\Routing\\Pipeline.php(53): Illuminate\\Pipeline\\Pipeline->Illuminate\\Pipeline\\{closure}(Object(Illuminate\\Http\\Request))
#14 C:\\wamp64\\www\\icetour_onas\\vendor\\laravel\\framework\\src\\Illuminate\\Foundation\\Http\\Middleware\\VerifyCsrfToken.php(75): Illuminate\\Routing\\Pipeline->Illuminate\\Routing\\{closure}(Object(Illuminate\\Http\\Request))
#15 C:\\wamp64\\www\\icetour_onas\\vendor\\laravel\\framework\\src\\Illuminate\\Pipeline\\Pipeline.php(163): Illuminate\\Foundation\\Http\\Middleware\\VerifyCsrfToken->handle(Object(Illuminate\\Http\\Request), Object(Closure))
#16 C:\\wamp64\\www\\icetour_onas\\vendor\\laravel\\framework\\src\\Illuminate\\Routing\\Pipeline.php(53): Illuminate\\Pipeline\\Pipeline->Illuminate\\Pipeline\\{closure}(Object(Illuminate\\Http\\Request))
#17 C:\\wamp64\\www\\icetour_onas\\vendor\\laravel\\framework\\src\\Illuminate\\View\\Middleware\\ShareErrorsFromSession.php(49): Illuminate\\Routing\\Pipeline->Illuminate\\Routing\\{closure}(Object(Illuminate\\Http\\Request))
#18 C:\\wamp64\\www\\icetour_onas\\vendor\\laravel\\framework\\src\\Illuminate\\Pipeline\\Pipeline.php(163): Illuminate\\View\\Middleware\\ShareErrorsFromSession->handle(Object(Illuminate\\Http\\Request), Object(Closure))
#19 C:\\wamp64\\www\\icetour_onas\\vendor\\laravel\\framework\\src\\Illuminate\\Routing\\Pipeline.php(53): Illuminate\\Pipeline\\Pipeline->Illuminate\\Pipeline\\{closure}(Object(Illuminate\\Http\\Request))
#20 C:\\wamp64\\www\\icetour_onas\\Modules\\CommonModule\\Http\\Middleware\\Language.php(24): Illuminate\\Routing\\Pipeline->Illuminate\\Routing\\{closure}(Object(Illuminate\\Http\\Request))
#21 C:\\wamp64\\www\\icetour_onas\\vendor\\laravel\\framework\\src\\Illuminate\\Pipeline\\Pipeline.php(163): Modules\\CommonModule\\Http\\Middleware\\Language->handle(Object(Illuminate\\Http\\Request), Object(Closure))
#22 C:\\wamp64\\www\\icetour_onas\\vendor\\laravel\\framework\\src\\Illuminate\\Routing\\Pipeline.php(53): Illuminate\\Pipeline\\Pipeline->Illuminate\\Pipeline\\{closure}(Object(Illuminate\\Http\\Request))
#23 C:\\wamp64\\www\\icetour_onas\\vendor\\laravel\\framework\\src\\Illuminate\\Session\\Middleware\\StartSession.php(63): Illuminate\\Routing\\Pipeline->Illuminate\\Routing\\{closure}(Object(Illuminate\\Http\\Request))
#24 C:\\wamp64\\www\\icetour_onas\\vendor\\laravel\\framework\\src\\Illuminate\\Pipeline\\Pipeline.php(163): Illuminate\\Session\\Middleware\\StartSession->handle(Object(Illuminate\\Http\\Request), Object(Closure))
#25 C:\\wamp64\\www\\icetour_onas\\vendor\\laravel\\framework\\src\\Illuminate\\Routing\\Pipeline.php(53): Illuminate\\Pipeline\\Pipeline->Illuminate\\Pipeline\\{closure}(Object(Illuminate\\Http\\Request))
#26 C:\\wamp64\\www\\icetour_onas\\vendor\\laravel\\framework\\src\\Illuminate\\Cookie\\Middleware\\AddQueuedCookiesToResponse.php(37): Illuminate\\Routing\\Pipeline->Illuminate\\Routing\\{closure}(Object(Illuminate\\Http\\Request))
#27 C:\\wamp64\\www\\icetour_onas\\vendor\\laravel\\framework\\src\\Illuminate\\Pipeline\\Pipeline.php(163): Illuminate\\Cookie\\Middleware\\AddQueuedCookiesToResponse->handle(Object(Illuminate\\Http\\Request), Object(Closure))
#28 C:\\wamp64\\www\\icetour_onas\\vendor\\laravel\\framework\\src\\Illuminate\\Routing\\Pipeline.php(53): Illuminate\\Pipeline\\Pipeline->Illuminate\\Pipeline\\{closure}(Object(Illuminate\\Http\\Request))
#29 C:\\wamp64\\www\\icetour_onas\\vendor\\laravel\\framework\\src\\Illuminate\\Cookie\\Middleware\\EncryptCookies.php(66): Illuminate\\Routing\\Pipeline->Illuminate\\Routing\\{closure}(Object(Illuminate\\Http\\Request))
#30 C:\\wamp64\\www\\icetour_onas\\vendor\\laravel\\framework\\src\\Illuminate\\Pipeline\\Pipeline.php(163): Illuminate\\Cookie\\Middleware\\EncryptCookies->handle(Object(Illuminate\\Http\\Request), Object(Closure))
#31 C:\\wamp64\\www\\icetour_onas\\vendor\\laravel\\framework\\src\\Illuminate\\Routing\\Pipeline.php(53): Illuminate\\Pipeline\\Pipeline->Illuminate\\Pipeline\\{closure}(Object(Illuminate\\Http\\Request))
#32 C:\\wamp64\\www\\icetour_onas\\vendor\\laravel\\framework\\src\\Illuminate\\Pipeline\\Pipeline.php(104): Illuminate\\Routing\\Pipeline->Illuminate\\Routing\\{closure}(Object(Illuminate\\Http\\Request))
#33 C:\\wamp64\\www\\icetour_onas\\vendor\\laravel\\framework\\src\\Illuminate\\Routing\\Router.php(684): Illuminate\\Pipeline\\Pipeline->then(Object(Closure))
#34 C:\\wamp64\\www\\icetour_onas\\vendor\\laravel\\framework\\src\\Illuminate\\Routing\\Router.php(659): Illuminate\\Routing\\Router->runRouteWithinStack(Object(Illuminate\\Routing\\Route), Object(Illuminate\\Http\\Request))
#35 C:\\wamp64\\www\\icetour_onas\\vendor\\laravel\\framework\\src\\Illuminate\\Routing\\Router.php(625): Illuminate\\Routing\\Router->runRoute(Object(Illuminate\\Http\\Request), Object(Illuminate\\Routing\\Route))
#36 C:\\wamp64\\www\\icetour_onas\\vendor\\laravel\\framework\\src\\Illuminate\\Routing\\Router.php(614): Illuminate\\Routing\\Router->dispatchToRoute(Object(Illuminate\\Http\\Request))
#37 C:\\wamp64\\www\\icetour_onas\\vendor\\laravel\\framework\\src\\Illuminate\\Foundation\\Http\\Kernel.php(176): Illuminate\\Routing\\Router->dispatch(Object(Illuminate\\Http\\Request))
#38 C:\\wamp64\\www\\icetour_onas\\vendor\\laravel\\framework\\src\\Illuminate\\Routing\\Pipeline.php(30): Illuminate\\Foundation\\Http\\Kernel->Illuminate\\Foundation\\Http\\{closure}(Object(Illuminate\\Http\\Request))
#39 C:\\wamp64\\www\\icetour_onas\\vendor\\barryvdh\\laravel-debugbar\\src\\Middleware\\InjectDebugbar.php(65): Illuminate\\Routing\\Pipeline->Illuminate\\Routing\\{closure}(Object(Illuminate\\Http\\Request))
#40 C:\\wamp64\\www\\icetour_onas\\vendor\\laravel\\framework\\src\\Illuminate\\Pipeline\\Pipeline.php(163): Barryvdh\\Debugbar\\Middleware\\InjectDebugbar->handle(Object(Illuminate\\Http\\Request), Object(Closure))
#41 C:\\wamp64\\www\\icetour_onas\\vendor\\laravel\\framework\\src\\Illuminate\\Routing\\Pipeline.php(53): Illuminate\\Pipeline\\Pipeline->Illuminate\\Pipeline\\{closure}(Object(Illuminate\\Http\\Request))
#42 C:\\wamp64\\www\\icetour_onas\\vendor\\fideloper\\proxy\\src\\TrustProxies.php(57): Illuminate\\Routing\\Pipeline->Illuminate\\Routing\\{closure}(Object(Illuminate\\Http\\Request))
#43 C:\\wamp64\\www\\icetour_onas\\vendor\\laravel\\framework\\src\\Illuminate\\Pipeline\\Pipeline.php(163): Fideloper\\Proxy\\TrustProxies->handle(Object(Illuminate\\Http\\Request), Object(Closure))
#44 C:\\wamp64\\www\\icetour_onas\\vendor\\laravel\\framework\\src\\Illuminate\\Routing\\Pipeline.php(53): Illuminate\\Pipeline\\Pipeline->Illuminate\\Pipeline\\{closure}(Object(Illuminate\\Http\\Request))
#45 C:\\wamp64\\www\\icetour_onas\\vendor\\laravel\\framework\\src\\Illuminate\\Foundation\\Http\\Middleware\\TransformsRequest.php(31): Illuminate\\Routing\\Pipeline->Illuminate\\Routing\\{closure}(Object(Illuminate\\Http\\Request))
#46 C:\\wamp64\\www\\icetour_onas\\vendor\\laravel\\framework\\src\\Illuminate\\Pipeline\\Pipeline.php(163): Illuminate\\Foundation\\Http\\Middleware\\TransformsRequest->handle(Object(Illuminate\\Http\\Request), Object(Closure))
#47 C:\\wamp64\\www\\icetour_onas\\vendor\\laravel\\framework\\src\\Illuminate\\Routing\\Pipeline.php(53): Illuminate\\Pipeline\\Pipeline->Illuminate\\Pipeline\\{closure}(Object(Illuminate\\Http\\Request))
#48 C:\\wamp64\\www\\icetour_onas\\vendor\\laravel\\framework\\src\\Illuminate\\Foundation\\Http\\Middleware\\TransformsRequest.php(31): Illuminate\\Routing\\Pipeline->Illuminate\\Routing\\{closure}(Object(Illuminate\\Http\\Request))
#49 C:\\wamp64\\www\\icetour_onas\\vendor\\laravel\\framework\\src\\Illuminate\\Pipeline\\Pipeline.php(163): Illuminate\\Foundation\\Http\\Middleware\\TransformsRequest->handle(Object(Illuminate\\Http\\Request), Object(Closure))
#50 C:\\wamp64\\www\\icetour_onas\\vendor\\laravel\\framework\\src\\Illuminate\\Routing\\Pipeline.php(53): Illuminate\\Pipeline\\Pipeline->Illuminate\\Pipeline\\{closure}(Object(Illuminate\\Http\\Request))
#51 C:\\wamp64\\www\\icetour_onas\\vendor\\laravel\\framework\\src\\Illuminate\\Foundation\\Http\\Middleware\\ValidatePostSize.php(27): Illuminate\\Routing\\Pipeline->Illuminate\\Routing\\{closure}(Object(Illuminate\\Http\\Request))
#52 C:\\wamp64\\www\\icetour_onas\\vendor\\laravel\\framework\\src\\Illuminate\\Pipeline\\Pipeline.php(163): Illuminate\\Foundation\\Http\\Middleware\\ValidatePostSize->handle(Object(Illuminate\\Http\\Request), Object(Closure))
#53 C:\\wamp64\\www\\icetour_onas\\vendor\\laravel\\framework\\src\\Illuminate\\Routing\\Pipeline.php(53): Illuminate\\Pipeline\\Pipeline->Illuminate\\Pipeline\\{closure}(Object(Illuminate\\Http\\Request))
#54 C:\\wamp64\\www\\icetour_onas\\vendor\\laravel\\framework\\src\\Illuminate\\Foundation\\Http\\Middleware\\CheckForMaintenanceMode.php(62): Illuminate\\Routing\\Pipeline->Illuminate\\Routing\\{closure}(Object(Illuminate\\Http\\Request))
#55 C:\\wamp64\\www\\icetour_onas\\vendor\\laravel\\framework\\src\\Illuminate\\Pipeline\\Pipeline.php(163): Illuminate\\Foundation\\Http\\Middleware\\CheckForMaintenanceMode->handle(Object(Illuminate\\Http\\Request), Object(Closure))
#56 C:\\wamp64\\www\\icetour_onas\\vendor\\laravel\\framework\\src\\Illuminate\\Routing\\Pipeline.php(53): Illuminate\\Pipeline\\Pipeline->Illuminate\\Pipeline\\{closure}(Object(Illuminate\\Http\\Request))
#57 C:\\wamp64\\www\\icetour_onas\\vendor\\laravel\\framework\\src\\Illuminate\\Pipeline\\Pipeline.php(104): Illuminate\\Routing\\Pipeline->Illuminate\\Routing\\{closure}(Object(Illuminate\\Http\\Request))
#58 C:\\wamp64\\www\\icetour_onas\\vendor\\laravel\\framework\\src\\Illuminate\\Foundation\\Http\\Kernel.php(151): Illuminate\\Pipeline\\Pipeline->then(Object(Closure))
#59 C:\\wamp64\\www\\icetour_onas\\vendor\\laravel\\framework\\src\\Illuminate\\Foundation\\Http\\Kernel.php(116): Illuminate\\Foundation\\Http\\Kernel->sendRequestThroughRouter(Object(Illuminate\\Http\\Request))
#60 C:\\wamp64\\www\\icetour_onas\\public\\index.php(109): Illuminate\\Foundation\\Http\\Kernel->handle(Object(Illuminate\\Http\\Request))
#61 C:\\wamp64\\www\\icetour_onas\\server.php(41): require_once('C:\\\\wamp64\\\\www\\\\i...')
#62 {main}
"} 
[2020-09-20 22:22:04] local.ERROR: Debugbar exception: Route [debugbar.openhandler] not defined.  
[2020-09-20 22:22:29] local.ERROR: Debugbar exception: Route [debugbar.openhandler] not defined.  
[2020-09-20 22:22:35] local.ERROR: Debugbar exception: Route [debugbar.openhandler] not defined.  
[2020-09-20 22:22:38] local.ERROR: Debugbar exception: Route [debugbar.openhandler] not defined.  
[2020-09-20 22:22:46] local.ERROR: Debugbar exception: Route [debugbar.openhandler] not defined.  
[2020-09-20 22:22:47] local.ERROR: Debugbar exception: Route [debugbar.openhandler] not defined.  
[2020-09-20 22:22:49] local.ERROR: Debugbar exception: Route [debugbar.openhandler] not defined.  
[2020-09-20 22:22:52] local.ERROR: Debugbar exception: Route [debugbar.openhandler] not defined.  
[2020-09-20 22:22:54] local.ERROR: Debugbar exception: Route [debugbar.openhandler] not defined.  
[2020-09-20 22:23:04] local.ERROR: Debugbar exception: Route [debugbar.openhandler] not defined.  
[2020-09-20 22:23:06] local.ERROR: Debugbar exception: Route [debugbar.openhandler] not defined.  
[2020-09-20 22:23:08] local.ERROR: Debugbar exception: Route [debugbar.openhandler] not defined.  
[2020-09-20 22:23:10] local.ERROR: Debugbar exception: Route [debugbar.openhandler] not defined.  
[2020-09-20 22:23:17] local.ERROR: Debugbar exception: Route [debugbar.openhandler] not defined.  
[2020-09-20 22:23:20] local.ERROR: Debugbar exception: Route [debugbar.openhandler] not defined.  
[2020-09-20 22:23:24] local.ERROR: Debugbar exception: Route [debugbar.openhandler] not defined.  
[2020-09-20 22:23:51] local.ERROR: Debugbar exception: Route [debugbar.openhandler] not defined.  
[2020-09-20 22:26:25] local.ERROR: Debugbar exception: Route [debugbar.openhandler] not defined.  
[2020-09-20 22:26:27] local.ERROR: Debugbar exception: Route [debugbar.openhandler] not defined.  
[2020-09-20 22:26:27] local.ERROR: Debugbar exception: Route [debugbar.openhandler] not defined.  
[2020-09-20 22:26:38] local.ERROR: Debugbar exception: Route [debugbar.openhandler] not defined.  
[2020-09-20 22:26:49] local.ERROR: Debugbar exception: Route [debugbar.openhandler] not defined.  
[2020-09-20 22:26:55] local.ERROR: Debugbar exception: Route [debugbar.openhandler] not defined.  
[2020-09-20 22:27:57] local.ERROR: Debugbar exception: Route [debugbar.openhandler] not defined.  
[2020-09-20 22:28:00] local.ERROR: Debugbar exception: Route [debugbar.openhandler] not defined.  
[2020-09-20 22:28:10] local.ERROR: Debugbar exception: Route [debugbar.openhandler] not defined.  
[2020-09-20 22:28:12] local.ERROR: Debugbar exception: Route [debugbar.openhandler] not defined.  
[2020-09-20 22:28:13] local.ERROR: Debugbar exception: Route [debugbar.openhandler] not defined.  
[2020-09-20 22:28:16] local.ERROR: Debugbar exception: Route [debugbar.openhandler] not defined.  
[2020-09-20 22:28:19] local.ERROR: Debugbar exception: Route [debugbar.openhandler] not defined.  
[2020-09-20 22:28:56] local.ERROR: Debugbar exception: Route [debugbar.openhandler] not defined.  
[2020-09-20 22:29:04] local.ERROR: Debugbar exception: Route [debugbar.openhandler] not defined.  
[2020-09-20 22:29:37] local.ERROR: Debugbar exception: Route [debugbar.openhandler] not defined.  
[2020-09-20 22:29:37] local.ERROR: Debugbar exception: Route [debugbar.openhandler] not defined.  
[2020-09-20 22:29:49] local.ERROR: Debugbar exception: Route [debugbar.openhandler] not defined.  
[2020-09-20 22:30:11] local.ERROR: Debugbar exception: Route [debugbar.openhandler] not defined.  
[2020-09-20 22:30:22] local.ERROR: Debugbar exception: Route [debugbar.openhandler] not defined.  
[2020-09-20 22:30:32] local.ERROR: Debugbar exception: Route [debugbar.openhandler] not defined.  
[2020-09-20 22:30:43] local.ERROR: Debugbar exception: Route [debugbar.openhandler] not defined.  
[2020-09-20 22:30:48] local.ERROR: Debugbar exception: Route [debugbar.openhandler] not defined.  
[2020-09-20 22:31:04] local.ERROR: Debugbar exception: Route [debugbar.openhandler] not defined.  
[2020-09-20 22:31:43] local.ERROR: Debugbar exception: Route [debugbar.openhandler] not defined.  
[2020-09-20 22:32:25] local.ERROR: Debugbar exception: Route [debugbar.openhandler] not defined.  
[2020-09-20 22:32:26] local.ERROR: Debugbar exception: Route [debugbar.openhandler] not defined.  
[2020-09-20 22:32:30] local.ERROR: Debugbar exception: Route [debugbar.openhandler] not defined.  
[2020-09-20 22:32:35] local.ERROR: Debugbar exception: Route [debugbar.openhandler] not defined.  
[2020-09-20 22:32:37] local.ERROR: Debugbar exception: Route [debugbar.openhandler] not defined.  
[2020-09-20 22:32:46] local.ERROR: Debugbar exception: Route [debugbar.openhandler] not defined.  
[2020-09-20 22:33:01] local.ERROR: Undefined variable: categoryTours (View: C:\wamp64\www\icetour_onas\Modules\FrontModule\Resources\views\pages\destination_item.blade.php) {"exception":"[object] (ErrorException(code: 0): Undefined variable: categoryTours (View: C:\\wamp64\\www\\icetour_onas\\Modules\\FrontModule\\Resources\\views\\pages\\destination_item.blade.php) at C:\\wamp64\\www\\icetour_onas\\storage\\framework\\views\\2b8fa92b8810ae191f40021da2f7c97bdc585821.php:32, ErrorException(code: 0): Undefined variable: categoryTours at C:\\wamp64\\www\\icetour_onas\\storage\\framework\\views\\2b8fa92b8810ae191f40021da2f7c97bdc585821.php:32)
[stacktrace]
#0 C:\\wamp64\\www\\icetour_onas\\vendor\\laravel\\framework\\src\\Illuminate\\View\\Engines\\PhpEngine.php(45): Illuminate\\View\\Engines\\CompilerEngine->handleViewException(Object(ErrorException), 1)
#1 C:\\wamp64\\www\\icetour_onas\\vendor\\laravel\\framework\\src\\Illuminate\\View\\Engines\\CompilerEngine.php(59): Illuminate\\View\\Engines\\PhpEngine->evaluatePath('C:\\\\wamp64\\\\www\\\\i...', Array)
#2 C:\\wamp64\\www\\icetour_onas\\vendor\\laravel\\framework\\src\\Illuminate\\View\\View.php(142): Illuminate\\View\\Engines\\CompilerEngine->get('C:\\\\wamp64\\\\www\\\\i...', Array)
#3 C:\\wamp64\\www\\icetour_onas\\vendor\\laravel\\framework\\src\\Illuminate\\View\\View.php(125): Illuminate\\View\\View->getContents()
#4 C:\\wamp64\\www\\icetour_onas\\vendor\\laravel\\framework\\src\\Illuminate\\View\\View.php(90): Illuminate\\View\\View->renderContents()
#5 C:\\wamp64\\www\\icetour_onas\\vendor\\laravel\\framework\\src\\Illuminate\\Http\\Response.php(42): Illuminate\\View\\View->render()
#6 C:\\wamp64\\www\\icetour_onas\\vendor\\symfony\\http-foundation\\Response.php(205): Illuminate\\Http\\Response->setContent(Object(Illuminate\\View\\View))
#7 C:\\wamp64\\www\\icetour_onas\\vendor\\laravel\\framework\\src\\Illuminate\\Routing\\Router.php(750): Symfony\\Component\\HttpFoundation\\Response->__construct(Object(Illuminate\\View\\View))
#8 C:\\wamp64\\www\\icetour_onas\\vendor\\laravel\\framework\\src\\Illuminate\\Routing\\Router.php(722): Illuminate\\Routing\\Router::toResponse(Object(Illuminate\\Http\\Request), Object(Illuminate\\View\\View))
#9 C:\\wamp64\\www\\icetour_onas\\vendor\\laravel\\framework\\src\\Illuminate\\Routing\\Router.php(682): Illuminate\\Routing\\Router->prepareResponse(Object(Illuminate\\Http\\Request), Object(Illuminate\\View\\View))
#10 C:\\wamp64\\www\\icetour_onas\\vendor\\laravel\\framework\\src\\Illuminate\\Routing\\Pipeline.php(30): Illuminate\\Routing\\Router->Illuminate\\Routing\\{closure}(Object(Illuminate\\Http\\Request))
#11 C:\\wamp64\\www\\icetour_onas\\vendor\\laravel\\framework\\src\\Illuminate\\Routing\\Middleware\\SubstituteBindings.php(41): Illuminate\\Routing\\Pipeline->Illuminate\\Routing\\{closure}(Object(Illuminate\\Http\\Request))
#12 C:\\wamp64\\www\\icetour_onas\\vendor\\laravel\\framework\\src\\Illuminate\\Pipeline\\Pipeline.php(163): Illuminate\\Routing\\Middleware\\SubstituteBindings->handle(Object(Illuminate\\Http\\Request), Object(Closure))
#13 C:\\wamp64\\www\\icetour_onas\\vendor\\laravel\\framework\\src\\Illuminate\\Routing\\Pipeline.php(53): Illuminate\\Pipeline\\Pipeline->Illuminate\\Pipeline\\{closure}(Object(Illuminate\\Http\\Request))
#14 C:\\wamp64\\www\\icetour_onas\\vendor\\laravel\\framework\\src\\Illuminate\\Foundation\\Http\\Middleware\\VerifyCsrfToken.php(75): Illuminate\\Routing\\Pipeline->Illuminate\\Routing\\{closure}(Object(Illuminate\\Http\\Request))
#15 C:\\wamp64\\www\\icetour_onas\\vendor\\laravel\\framework\\src\\Illuminate\\Pipeline\\Pipeline.php(163): Illuminate\\Foundation\\Http\\Middleware\\VerifyCsrfToken->handle(Object(Illuminate\\Http\\Request), Object(Closure))
#16 C:\\wamp64\\www\\icetour_onas\\vendor\\laravel\\framework\\src\\Illuminate\\Routing\\Pipeline.php(53): Illuminate\\Pipeline\\Pipeline->Illuminate\\Pipeline\\{closure}(Object(Illuminate\\Http\\Request))
#17 C:\\wamp64\\www\\icetour_onas\\vendor\\laravel\\framework\\src\\Illuminate\\View\\Middleware\\ShareErrorsFromSession.php(49): Illuminate\\Routing\\Pipeline->Illuminate\\Routing\\{closure}(Object(Illuminate\\Http\\Request))
#18 C:\\wamp64\\www\\icetour_onas\\vendor\\laravel\\framework\\src\\Illuminate\\Pipeline\\Pipeline.php(163): Illuminate\\View\\Middleware\\ShareErrorsFromSession->handle(Object(Illuminate\\Http\\Request), Object(Closure))
#19 C:\\wamp64\\www\\icetour_onas\\vendor\\laravel\\framework\\src\\Illuminate\\Routing\\Pipeline.php(53): Illuminate\\Pipeline\\Pipeline->Illuminate\\Pipeline\\{closure}(Object(Illuminate\\Http\\Request))
#20 C:\\wamp64\\www\\icetour_onas\\Modules\\CommonModule\\Http\\Middleware\\Language.php(24): Illuminate\\Routing\\Pipeline->Illuminate\\Routing\\{closure}(Object(Illuminate\\Http\\Request))
#21 C:\\wamp64\\www\\icetour_onas\\vendor\\laravel\\framework\\src\\Illuminate\\Pipeline\\Pipeline.php(163): Modules\\CommonModule\\Http\\Middleware\\Language->handle(Object(Illuminate\\Http\\Request), Object(Closure))
#22 C:\\wamp64\\www\\icetour_onas\\vendor\\laravel\\framework\\src\\Illuminate\\Routing\\Pipeline.php(53): Illuminate\\Pipeline\\Pipeline->Illuminate\\Pipeline\\{closure}(Object(Illuminate\\Http\\Request))
#23 C:\\wamp64\\www\\icetour_onas\\vendor\\laravel\\framework\\src\\Illuminate\\Session\\Middleware\\StartSession.php(63): Illuminate\\Routing\\Pipeline->Illuminate\\Routing\\{closure}(Object(Illuminate\\Http\\Request))
#24 C:\\wamp64\\www\\icetour_onas\\vendor\\laravel\\framework\\src\\Illuminate\\Pipeline\\Pipeline.php(163): Illuminate\\Session\\Middleware\\StartSession->handle(Object(Illuminate\\Http\\Request), Object(Closure))
#25 C:\\wamp64\\www\\icetour_onas\\vendor\\laravel\\framework\\src\\Illuminate\\Routing\\Pipeline.php(53): Illuminate\\Pipeline\\Pipeline->Illuminate\\Pipeline\\{closure}(Object(Illuminate\\Http\\Request))
#26 C:\\wamp64\\www\\icetour_onas\\vendor\\laravel\\framework\\src\\Illuminate\\Cookie\\Middleware\\AddQueuedCookiesToResponse.php(37): Illuminate\\Routing\\Pipeline->Illuminate\\Routing\\{closure}(Object(Illuminate\\Http\\Request))
#27 C:\\wamp64\\www\\icetour_onas\\vendor\\laravel\\framework\\src\\Illuminate\\Pipeline\\Pipeline.php(163): Illuminate\\Cookie\\Middleware\\AddQueuedCookiesToResponse->handle(Object(Illuminate\\Http\\Request), Object(Closure))
#28 C:\\wamp64\\www\\icetour_onas\\vendor\\laravel\\framework\\src\\Illuminate\\Routing\\Pipeline.php(53): Illuminate\\Pipeline\\Pipeline->Illuminate\\Pipeline\\{closure}(Object(Illuminate\\Http\\Request))
#29 C:\\wamp64\\www\\icetour_onas\\vendor\\laravel\\framework\\src\\Illuminate\\Cookie\\Middleware\\EncryptCookies.php(66): Illuminate\\Routing\\Pipeline->Illuminate\\Routing\\{closure}(Object(Illuminate\\Http\\Request))
#30 C:\\wamp64\\www\\icetour_onas\\vendor\\laravel\\framework\\src\\Illuminate\\Pipeline\\Pipeline.php(163): Illuminate\\Cookie\\Middleware\\EncryptCookies->handle(Object(Illuminate\\Http\\Request), Object(Closure))
#31 C:\\wamp64\\www\\icetour_onas\\vendor\\laravel\\framework\\src\\Illuminate\\Routing\\Pipeline.php(53): Illuminate\\Pipeline\\Pipeline->Illuminate\\Pipeline\\{closure}(Object(Illuminate\\Http\\Request))
#32 C:\\wamp64\\www\\icetour_onas\\vendor\\laravel\\framework\\src\\Illuminate\\Pipeline\\Pipeline.php(104): Illuminate\\Routing\\Pipeline->Illuminate\\Routing\\{closure}(Object(Illuminate\\Http\\Request))
#33 C:\\wamp64\\www\\icetour_onas\\vendor\\laravel\\framework\\src\\Illuminate\\Routing\\Router.php(684): Illuminate\\Pipeline\\Pipeline->then(Object(Closure))
#34 C:\\wamp64\\www\\icetour_onas\\vendor\\laravel\\framework\\src\\Illuminate\\Routing\\Router.php(659): Illuminate\\Routing\\Router->runRouteWithinStack(Object(Illuminate\\Routing\\Route), Object(Illuminate\\Http\\Request))
#35 C:\\wamp64\\www\\icetour_onas\\vendor\\laravel\\framework\\src\\Illuminate\\Routing\\Router.php(625): Illuminate\\Routing\\Router->runRoute(Object(Illuminate\\Http\\Request), Object(Illuminate\\Routing\\Route))
#36 C:\\wamp64\\www\\icetour_onas\\vendor\\laravel\\framework\\src\\Illuminate\\Routing\\Router.php(614): Illuminate\\Routing\\Router->dispatchToRoute(Object(Illuminate\\Http\\Request))
#37 C:\\wamp64\\www\\icetour_onas\\vendor\\laravel\\framework\\src\\Illuminate\\Foundation\\Http\\Kernel.php(176): Illuminate\\Routing\\Router->dispatch(Object(Illuminate\\Http\\Request))
#38 C:\\wamp64\\www\\icetour_onas\\vendor\\laravel\\framework\\src\\Illuminate\\Routing\\Pipeline.php(30): Illuminate\\Foundation\\Http\\Kernel->Illuminate\\Foundation\\Http\\{closure}(Object(Illuminate\\Http\\Request))
#39 C:\\wamp64\\www\\icetour_onas\\vendor\\barryvdh\\laravel-debugbar\\src\\Middleware\\InjectDebugbar.php(65): Illuminate\\Routing\\Pipeline->Illuminate\\Routing\\{closure}(Object(Illuminate\\Http\\Request))
#40 C:\\wamp64\\www\\icetour_onas\\vendor\\laravel\\framework\\src\\Illuminate\\Pipeline\\Pipeline.php(163): Barryvdh\\Debugbar\\Middleware\\InjectDebugbar->handle(Object(Illuminate\\Http\\Request), Object(Closure))
#41 C:\\wamp64\\www\\icetour_onas\\vendor\\laravel\\framework\\src\\Illuminate\\Routing\\Pipeline.php(53): Illuminate\\Pipeline\\Pipeline->Illuminate\\Pipeline\\{closure}(Object(Illuminate\\Http\\Request))
#42 C:\\wamp64\\www\\icetour_onas\\vendor\\fideloper\\proxy\\src\\TrustProxies.php(57): Illuminate\\Routing\\Pipeline->Illuminate\\Routing\\{closure}(Object(Illuminate\\Http\\Request))
#43 C:\\wamp64\\www\\icetour_onas\\vendor\\laravel\\framework\\src\\Illuminate\\Pipeline\\Pipeline.php(163): Fideloper\\Proxy\\TrustProxies->handle(Object(Illuminate\\Http\\Request), Object(Closure))
#44 C:\\wamp64\\www\\icetour_onas\\vendor\\laravel\\framework\\src\\Illuminate\\Routing\\Pipeline.php(53): Illuminate\\Pipeline\\Pipeline->Illuminate\\Pipeline\\{closure}(Object(Illuminate\\Http\\Request))
#45 C:\\wamp64\\www\\icetour_onas\\vendor\\laravel\\framework\\src\\Illuminate\\Foundation\\Http\\Middleware\\TransformsRequest.php(31): Illuminate\\Routing\\Pipeline->Illuminate\\Routing\\{closure}(Object(Illuminate\\Http\\Request))
#46 C:\\wamp64\\www\\icetour_onas\\vendor\\laravel\\framework\\src\\Illuminate\\Pipeline\\Pipeline.php(163): Illuminate\\Foundation\\Http\\Middleware\\TransformsRequest->handle(Object(Illuminate\\Http\\Request), Object(Closure))
#47 C:\\wamp64\\www\\icetour_onas\\vendor\\laravel\\framework\\src\\Illuminate\\Routing\\Pipeline.php(53): Illuminate\\Pipeline\\Pipeline->Illuminate\\Pipeline\\{closure}(Object(Illuminate\\Http\\Request))
#48 C:\\wamp64\\www\\icetour_onas\\vendor\\laravel\\framework\\src\\Illuminate\\Foundation\\Http\\Middleware\\TransformsRequest.php(31): Illuminate\\Routing\\Pipeline->Illuminate\\Routing\\{closure}(Object(Illuminate\\Http\\Request))
#49 C:\\wamp64\\www\\icetour_onas\\vendor\\laravel\\framework\\src\\Illuminate\\Pipeline\\Pipeline.php(163): Illuminate\\Foundation\\Http\\Middleware\\TransformsRequest->handle(Object(Illuminate\\Http\\Request), Object(Closure))
#50 C:\\wamp64\\www\\icetour_onas\\vendor\\laravel\\framework\\src\\Illuminate\\Routing\\Pipeline.php(53): Illuminate\\Pipeline\\Pipeline->Illuminate\\Pipeline\\{closure}(Object(Illuminate\\Http\\Request))
#51 C:\\wamp64\\www\\icetour_onas\\vendor\\laravel\\framework\\src\\Illuminate\\Foundation\\Http\\Middleware\\ValidatePostSize.php(27): Illuminate\\Routing\\Pipeline->Illuminate\\Routing\\{closure}(Object(Illuminate\\Http\\Request))
#52 C:\\wamp64\\www\\icetour_onas\\vendor\\laravel\\framework\\src\\Illuminate\\Pipeline\\Pipeline.php(163): Illuminate\\Foundation\\Http\\Middleware\\ValidatePostSize->handle(Object(Illuminate\\Http\\Request), Object(Closure))
#53 C:\\wamp64\\www\\icetour_onas\\vendor\\laravel\\framework\\src\\Illuminate\\Routing\\Pipeline.php(53): Illuminate\\Pipeline\\Pipeline->Illuminate\\Pipeline\\{closure}(Object(Illuminate\\Http\\Request))
#54 C:\\wamp64\\www\\icetour_onas\\vendor\\laravel\\framework\\src\\Illuminate\\Foundation\\Http\\Middleware\\CheckForMaintenanceMode.php(62): Illuminate\\Routing\\Pipeline->Illuminate\\Routing\\{closure}(Object(Illuminate\\Http\\Request))
#55 C:\\wamp64\\www\\icetour_onas\\vendor\\laravel\\framework\\src\\Illuminate\\Pipeline\\Pipeline.php(163): Illuminate\\Foundation\\Http\\Middleware\\CheckForMaintenanceMode->handle(Object(Illuminate\\Http\\Request), Object(Closure))
#56 C:\\wamp64\\www\\icetour_onas\\vendor\\laravel\\framework\\src\\Illuminate\\Routing\\Pipeline.php(53): Illuminate\\Pipeline\\Pipeline->Illuminate\\Pipeline\\{closure}(Object(Illuminate\\Http\\Request))
#57 C:\\wamp64\\www\\icetour_onas\\vendor\\laravel\\framework\\src\\Illuminate\\Pipeline\\Pipeline.php(104): Illuminate\\Routing\\Pipeline->Illuminate\\Routing\\{closure}(Object(Illuminate\\Http\\Request))
#58 C:\\wamp64\\www\\icetour_onas\\vendor\\laravel\\framework\\src\\Illuminate\\Foundation\\Http\\Kernel.php(151): Illuminate\\Pipeline\\Pipeline->then(Object(Closure))
#59 C:\\wamp64\\www\\icetour_onas\\vendor\\laravel\\framework\\src\\Illuminate\\Foundation\\Http\\Kernel.php(116): Illuminate\\Foundation\\Http\\Kernel->sendRequestThroughRouter(Object(Illuminate\\Http\\Request))
#60 C:\\wamp64\\www\\icetour_onas\\public\\index.php(109): Illuminate\\Foundation\\Http\\Kernel->handle(Object(Illuminate\\Http\\Request))
#61 C:\\wamp64\\www\\icetour_onas\\server.php(41): require_once('C:\\\\wamp64\\\\www\\\\i...')
#62 {main}
"} 
[2020-09-20 22:33:02] local.ERROR: Debugbar exception: Route [debugbar.openhandler] not defined.  
[2020-09-20 22:33:32] local.ERROR: Debugbar exception: Route [debugbar.openhandler] not defined.  
[2020-09-20 22:33:35] local.ERROR: Debugbar exception: Route [debugbar.openhandler] not defined.  
[2020-09-20 22:33:55] local.ERROR: Debugbar exception: Route [debugbar.openhandler] not defined.  
[2020-09-20 22:34:18] local.ERROR: Debugbar exception: Route [debugbar.openhandler] not defined.  
[2020-09-20 22:34:21] local.ERROR: Debugbar exception: Route [debugbar.openhandler] not defined.  
[2020-09-20 22:34:23] local.ERROR: Debugbar exception: Route [debugbar.openhandler] not defined.  
[2020-09-20 22:34:25] local.ERROR: Debugbar exception: Route [debugbar.openhandler] not defined.  
[2020-09-20 22:34:28] local.ERROR: Debugbar exception: Route [debugbar.openhandler] not defined.  
[2020-09-20 22:34:31] local.ERROR: Debugbar exception: Route [debugbar.openhandler] not defined.  
[2020-09-20 22:34:38] local.ERROR: Debugbar exception: Route [debugbar.openhandler] not defined.  
